nam: proga.nam of Sat Oct 10 11:09:38 2020

   *0        ->  0*          #         ->           
   *1        ->  1*          *!        ->. ^        
   *2        ->  2*          ^         ->  #*       
   0#        ->  #a       
   a0        ->  0a       
   a1        ->  1a       
   a2        ->  2a       
   a*!       ->  *!0      
   a*        ->  *!0      
   1#        ->  #b       
   b0        ->  0b       
   b1        ->  1b       
   b2        ->  2b       
   b*!       ->  *!1      
   b*        ->  *!1      
   2#        ->  #c       
   c0        ->  0c       
   c1        ->  1c       
   c2        ->  2c       
   c*!       ->  *!2      
   c*        ->  *!2      

0^0
--------------------------------------------------------------------------------
[ ^         ->  #*        ]  "0#*0"
[ *0        ->  0*        ]  "0#0*"
[ 0#        ->  #a        ]  "#a0*"
[ a0        ->  0a        ]  "#0a*"
[ a*        ->  *!0       ]  "#0*!0"
[ #         ->            ]  "0*!0"
[ *!        ->. ^         ]  "0^0"
--------------------------------------------------------------------------------

120^12
--------------------------------------------------------------------------------
[ ^         ->  #*        ]  "120#*12"
[ *1        ->  1*        ]  "120#1*2"
[ *2        ->  2*        ]  "120#12*"
[ 0#        ->  #a        ]  "12#a12*"
[ a1        ->  1a        ]  "12#1a2*"
[ a2        ->  2a        ]  "12#12a*"
[ a*        ->  *!0       ]  "12#12*!0"
[ 2#        ->  #c        ]  "1#c12*!0"
[ 1#        ->  #b        ]  "#bc12*!0"
[ c1        ->  1c        ]  "#b1c2*!0"
[ b1        ->  1b        ]  "#1bc2*!0"
[ c2        ->  2c        ]  "#1b2c*!0"
[ b2        ->  2b        ]  "#12bc*!0"
[ c*!       ->  *!2       ]  "#12b*!20"
[ b*!       ->  *!1       ]  "#12*!120"
[ #         ->            ]  "12*!120"
[ *!        ->. ^         ]  "12^120"
--------------------------------------------------------------------------------

1221221^1
--------------------------------------------------------------------------------
[ ^         ->  #*        ]  "1221221#*1"
[ *1        ->  1*        ]  "1221221#1*"
[ 1#        ->  #b        ]  "122122#b1*"
[ b1        ->  1b        ]  "122122#1b*"
[ b*        ->  *!1       ]  "122122#1*!1"
[ 2#        ->  #c        ]  "12212#c1*!1"
[ 2#        ->  #c        ]  "1221#cc1*!1"
[ 1#        ->  #b        ]  "122#bcc1*!1"
[ 2#        ->  #c        ]  "12#cbcc1*!1"
[ 2#        ->  #c        ]  "1#ccbcc1*!1"
[ 1#        ->  #b        ]  "#bccbcc1*!1"
[ c1        ->  1c        ]  "#bccbc1c*!1"
[ c1        ->  1c        ]  "#bccb1cc*!1"
[ b1        ->  1b        ]  "#bcc1bcc*!1"
[ c1        ->  1c        ]  "#bc1cbcc*!1"
[ c1        ->  1c        ]  "#b1ccbcc*!1"
[ b1        ->  1b        ]  "#1bccbcc*!1"
[ c*!       ->  *!2       ]  "#1bccbc*!21"
[ c*!       ->  *!2       ]  "#1bccb*!221"
[ b*!       ->  *!1       ]  "#1bcc*!1221"
[ c*!       ->  *!2       ]  "#1bc*!21221"
[ c*!       ->  *!2       ]  "#1b*!221221"
[ b*!       ->  *!1       ]  "#1*!1221221"
[ #         ->            ]  "1*!1221221"
[ *!        ->. ^         ]  "1^1221221"
--------------------------------------------------------------------------------

